[2025-03-27 09:48:52] 正在尝试下载文件...
[2025-03-27 09:48:53] 文件下载成功
[2025-03-27 09:48:53] 文件保存成功
[2025-03-27 09:48:53] 正在尝试设置壁纸...
[2025-03-27 09:48:55] 壁纸设置成功
[2025-03-27 09:48:55] 操作成功！壁纸路径：E:\workspace\BingWallPaper\images\2025-03-27.jpg




[2025-03-27 13:26:56] 正在尝试下载文件...
[2025-03-27 13:26:59] 文件下载成功
[2025-03-27 13:26:59] 文件保存成功
[2025-03-27 13:26:59] 正在尝试设置壁纸...
[2025-03-27 13:26:59] 错误发生：API调用失败，错误代码：1459




[2025-03-27 13:45:33] 正在尝试下载文件...
[2025-03-27 13:45:34] 文件下载成功
[2025-03-27 13:45:34] 文件保存成功
[2025-03-27 13:45:34] 正在尝试设置壁纸...
[2025-03-27 13:45:34] 错误发生：API调用失败，错误代码：1459




[2025-03-27 14:59:05] 正在尝试下载文件...
[2025-03-27 14:59:06] 文件下载成功
[2025-03-27 14:59:06] 文件保存成功
[2025-03-27 14:59:06] 正在尝试设置壁纸...
[2025-03-27 14:59:06] 壁纸设置成功
[2025-03-27 14:59:06] 操作成功！壁纸路径：E:\workspace\BingWallPaper\images\2025-03-27.jpg


